<?xml version="1.0" encoding="UTF-8"?>
<!-- Generated by org.testng.reporters.JUnitReportReporter -->
<testsuite skipped="0" hostname="B200055F1D" name="example.NewTest" tests="2" failures="0" timestamp="21 May 2018 11:12:27 GMT" time="7.737" errors="0">
  <testcase name="testUrl" time="1.009" classname="example.NewTest"/>
  <testcase name="testTitle" time="6.728" classname="example.NewTest"/>
</testsuite> <!-- example.NewTest -->
