<?xml version="1.0" encoding="UTF-8"?>
<!-- Generated by org.testng.reporters.JUnitReportReporter -->
<testsuite skipped="0" hostname="B200055F1D" name="example.NewTest" tests="2" failures="0" timestamp="21 May 2018 09:23:58 GMT" time="11.760" errors="0">
  <testcase name="testUrl" time="1.886" classname="example.NewTest"/>
  <testcase name="testTitle" time="9.874" classname="example.NewTest"/>
</testsuite> <!-- example.NewTest -->
